  Level.cpp
C:\Users\Mati\source\repos\StealTheDiamond\StealTheDiamond\Laser.h(13): warning C4091: "static ": zignorowano na lewo od "Laser::Facing" podczas gdy brak deklaracji zmiennej
C:\Users\Mati\source\repos\StealTheDiamond\StealTheDiamond\Level.cpp(91,19): warning C4018: ">=": niezgodność typu ze znakiem/bez znaku
C:\Users\Mati\source\repos\StealTheDiamond\StealTheDiamond\Level.cpp(121,35): warning C4244: "argument": konwersja z "const float" do "T", możliwa utrata danych
          with
          [
              T=int
          ]
C:\Users\Mati\source\repos\StealTheDiamond\StealTheDiamond\Level.cpp(122,37): warning C4244: "argument": konwersja z "float" do "T", możliwa utrata danych
          with
          [
              T=int
          ]
C:\Users\Mati\source\repos\StealTheDiamond\StealTheDiamond\Level.cpp(123,37): warning C4244: "argument": konwersja z "float" do "T", możliwa utrata danych
          with
          [
              T=int
          ]
C:\Users\Mati\source\repos\StealTheDiamond\StealTheDiamond\Level.cpp(124,38): warning C4244: "argument": konwersja z "const float" do "T", możliwa utrata danych
          with
          [
              T=int
          ]
C:\Users\Mati\source\repos\StealTheDiamond\StealTheDiamond\Level.cpp(125,50): warning C4244: "argument": konwersja z "const float" do "T", możliwa utrata danych
          with
          [
              T=int
          ]
C:\Users\Mati\source\repos\StealTheDiamond\StealTheDiamond\Level.cpp(125,38): warning C4244: "argument": konwersja z "float" do "T", możliwa utrata danych
          with
          [
              T=int
          ]
C:\Users\Mati\source\repos\StealTheDiamond\StealTheDiamond\Level.cpp(126,50): warning C4244: "argument": konwersja z "const float" do "T", możliwa utrata danych
          with
          [
              T=int
          ]
C:\Users\Mati\source\repos\StealTheDiamond\StealTheDiamond\Level.cpp(126,38): warning C4244: "argument": konwersja z "float" do "T", możliwa utrata danych
          with
          [
              T=int
          ]
C:\Users\Mati\source\repos\StealTheDiamond\StealTheDiamond\Level.cpp(127,41): warning C4244: "argument": konwersja z "float" do "T", możliwa utrata danych
          with
          [
              T=int
          ]
C:\Users\Mati\source\repos\StealTheDiamond\StealTheDiamond\Level.cpp(128,52): warning C4244: "argument": konwersja z "float" do "T", możliwa utrata danych
          with
          [
              T=int
          ]
C:\Users\Mati\source\repos\StealTheDiamond\StealTheDiamond\Level.cpp(128,38): warning C4244: "argument": konwersja z "float" do "T", możliwa utrata danych
          with
          [
              T=int
          ]
C:\Users\Mati\source\repos\StealTheDiamond\StealTheDiamond\Level.cpp(129,52): warning C4244: "argument": konwersja z "float" do "T", możliwa utrata danych
          with
          [
              T=int
          ]
C:\Users\Mati\source\repos\StealTheDiamond\StealTheDiamond\Level.cpp(129,38): warning C4244: "argument": konwersja z "float" do "T", możliwa utrata danych
          with
          [
              T=int
          ]
C:\Users\Mati\source\repos\StealTheDiamond\StealTheDiamond\Level.cpp(130,41): warning C4244: "argument": konwersja z "float" do "T", możliwa utrata danych
          with
          [
              T=int
          ]
C:\Users\Mati\source\repos\StealTheDiamond\StealTheDiamond\Level.cpp(131,41): warning C4244: "argument": konwersja z "float" do "T", możliwa utrata danych
          with
          [
              T=int
          ]
C:\Users\Mati\source\repos\StealTheDiamond\StealTheDiamond\Level.cpp(133,41): warning C4244: "argument": konwersja z "float" do "T", możliwa utrata danych
          with
          [
              T=int
          ]
C:\Users\Mati\source\repos\StealTheDiamond\StealTheDiamond\Level.cpp(135,46): warning C4244: "argument": konwersja z "const float" do "T", możliwa utrata danych
          with
          [
              T=int
          ]
C:\Users\Mati\source\repos\StealTheDiamond\StealTheDiamond\Level.cpp(135,36): warning C4244: "argument": konwersja z "const float" do "T", możliwa utrata danych
          with
          [
              T=int
          ]
C:\Users\Mati\source\repos\StealTheDiamond\StealTheDiamond\Level.cpp(138,39): warning C4244: "argument": konwersja z "float" do "T", możliwa utrata danych
          with
          [
              T=int
          ]
C:\Users\Mati\source\repos\StealTheDiamond\StealTheDiamond\Level.cpp(139,40): warning C4244: "argument": konwersja z "const float" do "T", możliwa utrata danych
          with
          [
              T=int
          ]
  StealTheDiamond.vcxproj -> C:\Users\Mati\source\repos\StealTheDiamond\Debug\StealTheDiamond.exe
